2024-01-16 10:35:56,187 [Worker-6: Loading available Gradle versions] INFO  o.e.b.c.i.u.g.PublishedGradleVersions - Gradle version information cache is out-of-date. Trying to update.
2024-01-17 09:30:18,465 [Worker-4: Loading available Gradle versions] INFO  o.e.b.c.i.u.g.PublishedGradleVersions - Gradle version information cache is up-to-date. Trying to read.
2024-01-17 14:01:19,175 [Worker-5: Loading available Gradle versions] INFO  o.e.b.c.i.u.g.PublishedGradleVersions - Gradle version information cache is out-of-date. Trying to update.
2024-01-18 10:26:15,724 [Worker-4: Loading available Gradle versions] INFO  o.e.b.c.i.u.g.PublishedGradleVersions - Gradle version information cache is up-to-date. Trying to read.
2024-01-18 10:26:50,579 [Worker-9: Update Maven projects configuration] INFO  o.e.m.c.i.p.ProjectConfigurationManager - Update started
2024-01-18 10:26:52,338 [Worker-9: Update Maven projects configuration] INFO  o.e.m.c.i.l.LifecycleMappingFactory - Using org.eclipse.m2e.jdt.JarLifecycleMapping lifecycle mapping for MavenProject: org.springframework:gs-maven:0.1.0 @ D:\kaushalya\consultancy\newhorizonenggcollege\2024\ce\advancedjava\workshop\programs\spring\gs-maven\complete\pom.xml.
2024-01-18 10:26:53,606 [Worker-9: Update Maven projects configuration] INFO  o.e.m.j.i.AbstractJavaProjectConfigurator - Adding source folder /complete/src/main/java
2024-01-18 10:26:53,610 [Worker-9: Update Maven projects configuration] INFO  o.e.m.j.i.AbstractJavaProjectConfigurator - Adding source folder /complete/src/test/java
2024-01-18 10:26:54,753 [Worker-9: Update Maven projects configuration] INFO  o.e.m.c.i.p.ProjectConfigurationManager - Update completed for 1 poms: local refresh takes 0.00 sec, refresh facades takes 2.00 sec, update config takes 1.00 sec 
2024-01-18 10:33:27,497 [Worker-3: Building] INFO  o.e.m.c.i.l.LifecycleMappingFactory - Using org.eclipse.m2e.jdt.JarLifecycleMapping lifecycle mapping for MavenProject: org.springframework:gs-maven:0.1.0 @ D:\kaushalya\consultancy\newhorizonenggcollege\2024\ce\advancedjava\workshop\programs\spring\gs-maven\complete\pom.xml.
2024-01-18 10:33:27,829 [Worker-3: Building] WARN  o.e.m.c.i.embedder.EclipseLogger - Using platform encoding (Cp1252 actually) to copy filtered resources, i.e. build is platform dependent!
2024-01-18 10:33:27,830 [Worker-3: Building] INFO  o.e.m.c.i.embedder.EclipseLogger - skip non existing resourceDirectory D:\kaushalya\consultancy\newhorizonenggcollege\2024\ce\advancedjava\workshop\programs\spring\gs-maven\complete\src\main\resources
2024-01-18 10:33:27,836 [Worker-3: Building] WARN  o.e.m.c.i.embedder.EclipseLogger - Using platform encoding (Cp1252 actually) to copy filtered resources, i.e. build is platform dependent!
2024-01-18 10:33:27,837 [Worker-3: Building] INFO  o.e.m.c.i.embedder.EclipseLogger - skip non existing resourceDirectory D:\kaushalya\consultancy\newhorizonenggcollege\2024\ce\advancedjava\workshop\programs\spring\gs-maven\complete\src\test\resources
2024-01-18 10:37:23,761 [Worker-5: Loading available Gradle versions] INFO  o.e.b.c.i.u.g.PublishedGradleVersions - Gradle version information cache is up-to-date. Trying to read.
2024-01-18 10:41:07,206 [Worker-32: Building] INFO  o.e.m.c.i.l.LifecycleMappingFactory - Using org.eclipse.m2e.jdt.JarLifecycleMapping lifecycle mapping for MavenProject: org.springframework:gs-maven:0.1.0 @ D:\kaushalya\consultancy\newhorizonenggcollege\2024\ce\advancedjava\workshop\programs\spring\gs-maven\complete\pom.xml.
2024-01-18 10:41:07,524 [Worker-32: Building] WARN  o.e.m.c.i.embedder.EclipseLogger - Using platform encoding (Cp1252 actually) to copy filtered resources, i.e. build is platform dependent!
2024-01-18 10:41:07,527 [Worker-32: Building] INFO  o.e.m.c.i.embedder.EclipseLogger - skip non existing resourceDirectory D:\kaushalya\consultancy\newhorizonenggcollege\2024\ce\advancedjava\workshop\programs\spring\gs-maven\complete\src\main\resources
2024-01-18 10:41:07,532 [Worker-32: Building] WARN  o.e.m.c.i.embedder.EclipseLogger - Using platform encoding (Cp1252 actually) to copy filtered resources, i.e. build is platform dependent!
2024-01-18 10:41:07,535 [Worker-32: Building] INFO  o.e.m.c.i.embedder.EclipseLogger - skip non existing resourceDirectory D:\kaushalya\consultancy\newhorizonenggcollege\2024\ce\advancedjava\workshop\programs\spring\gs-maven\complete\src\test\resources
2024-01-18 11:04:44,447 [Worker-45: Building] INFO  o.e.m.c.i.l.LifecycleMappingFactory - Using org.eclipse.m2e.jdt.JarLifecycleMapping lifecycle mapping for MavenProject: org.springframework:gs-maven:0.1.0 @ D:\kaushalya\consultancy\newhorizonenggcollege\2024\ce\advancedjava\workshop\programs\spring\gs-maven\complete\pom.xml.
2024-01-18 11:04:44,886 [Worker-45: Building] WARN  o.e.m.c.i.embedder.EclipseLogger - Using platform encoding (Cp1252 actually) to copy filtered resources, i.e. build is platform dependent!
2024-01-18 11:04:44,888 [Worker-45: Building] INFO  o.e.m.c.i.embedder.EclipseLogger - skip non existing resourceDirectory D:\kaushalya\consultancy\newhorizonenggcollege\2024\ce\advancedjava\workshop\programs\spring\gs-maven\complete\src\main\resources
2024-01-18 11:04:44,893 [Worker-45: Building] WARN  o.e.m.c.i.embedder.EclipseLogger - Using platform encoding (Cp1252 actually) to copy filtered resources, i.e. build is platform dependent!
2024-01-18 11:04:44,894 [Worker-45: Building] INFO  o.e.m.c.i.embedder.EclipseLogger - skip non existing resourceDirectory D:\kaushalya\consultancy\newhorizonenggcollege\2024\ce\advancedjava\workshop\programs\spring\gs-maven\complete\src\test\resources
2024-01-18 11:21:06,566 [Worker-47: Building] WARN  o.e.m.c.i.embedder.EclipseLogger - Using platform encoding (Cp1252 actually) to copy filtered resources, i.e. build is platform dependent!
2024-01-18 11:21:06,569 [Worker-47: Building] INFO  o.e.m.c.i.embedder.EclipseLogger - skip non existing resourceDirectory D:\kaushalya\consultancy\newhorizonenggcollege\2024\ce\advancedjava\workshop\programs\spring\gs-maven\complete\src\main\resources
2024-01-18 11:21:06,575 [Worker-47: Building] WARN  o.e.m.c.i.embedder.EclipseLogger - Using platform encoding (Cp1252 actually) to copy filtered resources, i.e. build is platform dependent!
2024-01-18 11:21:06,576 [Worker-47: Building] INFO  o.e.m.c.i.embedder.EclipseLogger - skip non existing resourceDirectory D:\kaushalya\consultancy\newhorizonenggcollege\2024\ce\advancedjava\workshop\programs\spring\gs-maven\complete\src\test\resources
